{
  "stats": {
    "suites": 1,
    "tests": 0,
    "passes": 0,
    "pending": 0,
    "failures": 0,
    "start": "2020-07-15T01:53:07.991Z",
    "end": "2020-07-15T01:53:14.226Z",
    "duration": 6235,
    "testsRegistered": 1,
    "passPercent": 0,
    "pendingPercent": 0,
    "other": 1,
    "hasOther": true,
    "skipped": 1,
    "hasSkipped": true
  },
  "results": [
    {
      "uuid": "67249171-2c2e-4cbb-b7fc-e33a3b082539",
      "title": "",
      "fullFile": "cypress/integration/HongKong/a_fswitch.spec.js",
      "file": "cypress/integration/HongKong/a_fswitch.spec.js",
      "beforeHooks": [],
      "afterHooks": [],
      "tests": [],
      "suites": [
        {
          "uuid": "2a13cb35-ec05-4245-a518-7247bb4213d5",
          "title": "香港版-切换用例集",
          "fullFile": "",
          "file": "",
          "beforeHooks": [],
          "afterHooks": [],
          "tests": [
            {
              "title": "切换租户",
              "fullTitle": "香港版-切换用例集 切换租户",
              "timedOut": null,
              "duration": 6061,
              "state": "failed",
              "speed": null,
              "pass": false,
              "fail": true,
              "pending": false,
              "context": null,
              "code": "cy.request({\n    url: Cypress.env('devapi') + \"/auth/oauth/token\",\n    method: 'POST',\n    form: true,\n    headers: {\n        Authorization: 'Basic Z3dlLWFwcDptYWx0',\n        'Content-Type': 'application/x-www-form-urlencoded',\n    },\n    body: {\n        grant_type: 'password',\n        password: 123456,\n        scope: 'app',\n        username: '297434556@qq.com',\n    },\n}).then(function (response) {\n    var token = response.body.access_token;\n    var tenant_id = response.body.tenant_id;\n    cy.request({\n        url: Cypress.env('devapi') + \"/admin/tenants/switch/0031b79afddb2ab5268349d7f82f0065\",\n        method: 'GET',\n        // form:true,\n        headers: {\n            Authorization: \"Bearer\" + token,\n            'Content-Type': 'application/json;charset=UTF-8',\n            TENANT_ID: tenant_id,\n        },\n    });\n}).should(function (response) {\n    expect(response).to.have.property('headers');\n    expect(response).to.have.property('duration');\n});",
              "err": {
                "message": "CypressError: `cy.request()` failed trying to load:\n\nhttp://ec2-52-220-188-0.ap-southeast-1.compute.amazonaws.com:8080/auth/oauth/token\n\nWe attempted to make an http request to this URL but the request failed without a response.\n\nWe received this error at the network level:\n\n  > Error: socket hang up\n\n-----------------------------------------------------------\n\nThe request we sent was:\n\nMethod: POST\nURL: http://ec2-52-220-188-0.ap-southeast-1.compute.amazonaws.com:8080/auth/oauth/token\n\n-----------------------------------------------------------\n\nCommon situations why this would fail:\n  - you don't have internet access\n  - you forgot to run / boot your web server\n  - your web server isn't accessible\n  - you have weird network configuration settings on your computer\n\nhttps://on.cypress.io/request\n\nBecause this error occurred during a `before each` hook we are skipping the remaining tests in the current suite: `香港版-切换用例集`",
                "estack": "CypressError: `cy.request()` failed trying to load:\n\nhttp://ec2-52-220-188-0.ap-southeast-1.compute.amazonaws.com:8080/auth/oauth/token\n\nWe attempted to make an http request to this URL but the request failed without a response.\n\nWe received this error at the network level:\n\n  > Error: socket hang up\n\n-----------------------------------------------------------\n\nThe request we sent was:\n\nMethod: POST\nURL: http://ec2-52-220-188-0.ap-southeast-1.compute.amazonaws.com:8080/auth/oauth/token\n\n-----------------------------------------------------------\n\nCommon situations why this would fail:\n  - you don't have internet access\n  - you forgot to run / boot your web server\n  - your web server isn't accessible\n  - you have weird network configuration settings on your computer\n\nhttps://on.cypress.io/request\n\nBecause this error occurred during a `before each` hook we are skipping the remaining tests in the current suite: `香港版-切换用例集`\n    at http://localhost:58221/__cypress/runner/cypress_runner.js:157556:19\n    at tryCatcher (http://localhost:58221/__cypress/runner/cypress_runner.js:10130:23)\n    at http://localhost:58221/__cypress/runner/cypress_runner.js:5269:37\n    at tryCatcher (http://localhost:58221/__cypress/runner/cypress_runner.js:10130:23)\n    at Promise._settlePromiseFromHandler (http://localhost:58221/__cypress/runner/cypress_runner.js:8065:31)\n    at Promise._settlePromise (http://localhost:58221/__cypress/runner/cypress_runner.js:8122:18)\n    at Promise._settlePromise0 (http://localhost:58221/__cypress/runner/cypress_runner.js:8167:10)\n    at Promise._settlePromises (http://localhost:58221/__cypress/runner/cypress_runner.js:8243:18)\n    at _drainQueueStep (http://localhost:58221/__cypress/runner/cypress_runner.js:4837:12)\n    at _drainQueue (http://localhost:58221/__cypress/runner/cypress_runner.js:4830:9)\n    at Async.../../node_modules/bluebird/js/release/async.js.Async._drainQueues (http://localhost:58221/__cypress/runner/cypress_runner.js:4846:5)\n    at Async.drainQueues (http://localhost:58221/__cypress/runner/cypress_runner.js:4716:14)\nFrom Your Spec Code:\n    at Context.eval (http://localhost:58221/__cypress/tests?p=cypress/support/index.js:58:8)\n\nFrom Node.js Internals:\n  RequestError: Error: socket hang up\n      at new RequestError (/Users/elephant/Library/Caches/Cypress/4.10.0/Cypress.app/Contents/Resources/app/packages/server/node_modules/request-promise-core/lib/errors.js:14:15)\n      at Request.plumbing.callback (/Users/elephant/Library/Caches/Cypress/4.10.0/Cypress.app/Contents/Resources/app/packages/server/node_modules/request-promise-core/lib/plumbing.js:87:29)\n      at Request.RP$callback [as _callback] (/Users/elephant/Library/Caches/Cypress/4.10.0/Cypress.app/Contents/Resources/app/packages/server/node_modules/request-promise-core/lib/plumbing.js:46:31)\n      at self.callback (/Users/elephant/Library/Caches/Cypress/4.10.0/Cypress.app/Contents/Resources/app/packages/server/node_modules/@cypress/request/request.js:185:22)\n      at Request.emit (events.js:210:5)\n      at Request.onRequestError (/Users/elephant/Library/Caches/Cypress/4.10.0/Cypress.app/Contents/Resources/app/packages/server/node_modules/@cypress/request/request.js:877:8)\n      at ClientRequest.emit (events.js:215:7)\n      at Socket.socketOnEnd (_http_client.js:440:9)\n      at Socket.emit (events.js:215:7)\n      at endReadableNT (_stream_readable.js:1183:12)\n      at processTicksAndRejections (internal/process/task_queues.js:80:21)",
                "diff": null
              },
              "uuid": "0c4b4837-7e6a-4216-bc09-4b6d420f893b",
              "parentUUID": "2a13cb35-ec05-4245-a518-7247bb4213d5",
              "isHook": false,
              "skipped": false
            }
          ],
          "suites": [],
          "passes": [],
          "failures": [
            "0c4b4837-7e6a-4216-bc09-4b6d420f893b"
          ],
          "pending": [],
          "skipped": [],
          "duration": 6061,
          "root": false,
          "rootEmpty": false,
          "_timeout": 2000
        }
      ],
      "passes": [],
      "failures": [],
      "pending": [],
      "skipped": [],
      "duration": 0,
      "root": true,
      "rootEmpty": true,
      "_timeout": 2000
    }
  ],
  "meta": {
    "mocha": {
      "version": "7.0.1"
    },
    "mochawesome": {
      "options": {
        "quiet": false,
        "reportFilename": "mochawesome",
        "saveHtml": false,
        "saveJson": true,
        "consoleReporter": "spec",
        "useInlineDiffs": false,
        "code": true
      },
      "version": "6.1.1"
    },
    "marge": {
      "options": {
        "reportDir": "cypress/results",
        "overwrite": false,
        "html": false,
        "json": true
      },
      "version": "5.1.0"
    }
  }
}